2024-12-16 19:32:43,863 - INFO - Starting FP-growth analysis...
2024-12-16 19:32:43,863 - INFO - Processing data...
2024-12-16 19:32:43,869 - ERROR - Error in data processing
2024-12-16 19:35:27,795 - INFO - Starting FP-growth analysis...
2024-12-16 19:35:27,795 - INFO - Processing data...
2024-12-16 19:35:27,795 - ERROR - Error in data processing
2024-12-16 19:36:44,791 - INFO - Starting FP-growth analysis...
2024-12-16 19:36:44,791 - INFO - Processing data...
2024-12-16 19:36:44,792 - ERROR - Error in data processing
2024-12-16 19:37:10,390 - INFO - Starting FP-growth analysis...
2024-12-16 19:37:10,390 - INFO - Processing data...
2024-12-16 19:37:10,391 - ERROR - Error in data processing
2024-12-16 19:38:51,755 - INFO - Starting FP-growth analysis...
2024-12-16 19:38:51,758 - INFO - Processing data...
2024-12-16 19:38:51,801 - INFO - Performing FP-growth analysis...
2024-12-16 19:38:56,561 - INFO - 
Analysis Statistics:
2024-12-16 19:38:56,561 - INFO - total_itemsets: 333
2024-12-16 19:38:56,561 - INFO - avg_support: 0.02506919731119019
2024-12-16 19:38:56,561 - INFO - max_support: 0.25551601423487547
2024-12-16 19:38:56,561 - INFO - min_support: 0.010066090493136757
2024-12-16 19:38:56,561 - INFO - Generating visualizations...
2024-12-16 19:38:57,227 - INFO - Analyzing performance...
2024-12-16 19:40:02,542 - INFO - 
Found 3 frequent itemsets of length 2
2024-12-16 19:40:02,542 - INFO - Analysis completed successfully!
